<?xml version="1.0" encoding="UTF-8"?>
<testsuite xmlns:xsi="http://www.w3.org/2001/XMLSchema-instance" xsi:noNamespaceSchemaLocation="https://maven.apache.org/surefire/maven-surefire-plugin/xsd/surefire-test-report.xsd" version="3.0.2" name="com.woundex.ws_driver_service.messaging.kafka.TripEventConsumerTest" time="1.053" tests="2" errors="0" skipped="0" failures="0">
  <properties>
[...]
</properties>
  <testcase name="consumeAssignment_delegates_assigned_event_to_handler" classname="com.woundex.ws_driver_service.messaging.kafka.TripEventConsumerTest" time="1.039"/>
  <testcase name="consume_delegates_lifecycle_event_to_handler" classname="com.woundex.ws_driver_service.messaging.kafka.TripEventConsumerTest" time="0.008"/>
</testsuite>